2000.04.01 14:19 B C:\website\img\antip.gif <-- www /img antip.gif
2000.04.01 14:19 B C:\website\img\arach.gif <-- www /img arach.gif
2000.04.01 14:19 B C:\website\img\background.gif <-- www /img background.gif
2000.04.01 14:19 B C:\website\img\cd.gif <-- www /img cd.gif
2000.04.01 14:19 B C:\website\img\cman1.gif <-- www /img cman1.gif
2000.04.01 14:19 B C:\website\img\cman2.gif <-- www /img cman2.gif
2000.04.01 14:19 B C:\website\img\cman3.gif <-- www /img cman3.gif
2000.04.01 14:20 B C:\website\img\cman4.gif <-- www /img cman4.gif
2000.04.01 14:20 B C:\website\img\cube.gif <-- www /img cube.gif
2000.04.01 14:20 B C:\website\img\cubeb.gif <-- www /img cubeb.gif
2000.04.01 14:20 B C:\website\img\da.gif <-- www /img da.gif
2000.04.01 14:20 B C:\website\img\dcd.gif <-- www /img dcd.gif
2000.04.01 14:20 B C:\website\img\det.gif <-- www /img det.gif
2000.04.01 14:20 B C:\website\img\dhcubec.gif <-- www /img dhcubec.gif
2000.04.01 14:20 B C:\website\img\dhdc.gif <-- www /img dhdc.gif
2000.04.01 14:20 B C:\website\img\dprism.gif <-- www /img dprism.gif
2000.04.01 14:20 B C:\website\img\dt4.gif <-- www /img dt4.gif
2000.04.01 14:20 B C:\website\img\dt5.gif <-- www /img dt5.gif
2000.04.01 14:20 B C:\website\img\dutcc.gif <-- www /img dutcc.gif
2000.04.01 14:20 B C:\website\img\dutrcubc.gif <-- www /img dutrcubc.gif
2000.04.01 14:20 B C:\website\img\dxicosc.gif <-- www /img dxicosc.gif
2000.04.01 14:20 B C:\website\img\et.gif <-- www /img et.gif
2000.04.01 14:20 B C:\website\img\fractet.gif <-- www /img fractet.gif
2000.04.01 14:20 B C:\website\img\giflogo.gif <-- www /img giflogo.gif
2000.04.01 14:20 B C:\website\img\hdodc.gif <-- www /img hdodc.gif
2000.04.01 14:20 B C:\website\img\icos3.gif <-- www /img icos3.gif
2000.04.01 14:20 B C:\website\img\julia1.gif <-- www /img julia1.gif
2000.04.01 14:20 B C:\website\img\julia2.gif <-- www /img julia2.gif
2000.04.01 14:20 B C:\website\img\man5.gif <-- www /img man5.gif
2000.04.01 14:20 B C:\website\img\maxlink.gif <-- www /img maxlink.gif
2000.04.01 14:20 B C:\website\img\mc.gif <-- www /img mc.gif
2000.04.01 14:21 B C:\website\img\mua.gif <-- www /img mua.gif
2000.04.01 14:21 B C:\website\img\pappus.gif <-- www /img pappus.gif
2000.04.01 14:21 B C:\website\img\pm.gif <-- www /img pm.gif
2000.04.01 14:21 B C:\website\img\prysm.gif <-- www /img prysm.gif
2000.04.01 14:21 B C:\website\img\pyr.gif <-- www /img pyr.gif
2000.04.01 14:21 B C:\website\img\rhom.gif <-- www /img rhom.gif
2000.04.01 14:21 B C:\website\img\stellations.gif <-- www /img stellations.gif
2000.04.01 14:21 B C:\website\img\t4.gif <-- www /img t4.gif
2000.04.01 14:21 B C:\website\img\t5.gif <-- www /img t5.gif
2000.04.01 14:21 B C:\website\img\tet.gif <-- www /img tet.gif
2000.04.01 14:21 B C:\website\img\trans.gif <-- www /img trans.gif
2000.04.01 14:21 B C:\website\img\trcubec.gif <-- www /img trcubec.gif
2000.04.01 14:21 B C:\website\img\tric.gif <-- www /img tric.gif
2000.04.01 14:21 B C:\website\img\trtetc.gif <-- www /img trtetc.gif
2000.04.01 14:21 B C:\website\img\xicosc.gif <-- www /img xicosc.gif
2000.04.01 14:21 B C:\website\img\xtet.gif <-- www /img xtet.gif
2001.12.12 19:10 B D:\ozsite\img\antip.gif --> ftp.ozemail.com.au /client/usr285/llan/public_html/img antip.gif
2001.12.12 19:10 B D:\ozsite\img\arach.gif --> ftp.ozemail.com.au /client/usr285/llan/public_html/img arach.gif
2001.12.12 19:10 B D:\ozsite\img\background.gif --> ftp.ozemail.com.au /client/usr285/llan/public_html/img background.gif
2001.12.12 19:10 B D:\ozsite\img\cd.gif --> ftp.ozemail.com.au /client/usr285/llan/public_html/img cd.gif
2001.12.12 19:10 B D:\ozsite\img\cman1.gif --> ftp.ozemail.com.au /client/usr285/llan/public_html/img cman1.gif
2001.12.12 19:11 B D:\ozsite\img\cman2.gif --> ftp.ozemail.com.au /client/usr285/llan/public_html/img cman2.gif
2001.12.12 19:11 B D:\ozsite\img\cman3.gif --> ftp.ozemail.com.au /client/usr285/llan/public_html/img cman3.gif
2001.12.12 19:11 B D:\ozsite\img\cman4.gif --> ftp.ozemail.com.au /client/usr285/llan/public_html/img cman4.gif
2001.12.12 19:11 B D:\ozsite\img\cube.gif --> ftp.ozemail.com.au /client/usr285/llan/public_html/img cube.gif
2001.12.12 19:11 B D:\ozsite\img\cubeb.gif --> ftp.ozemail.com.au /client/usr285/llan/public_html/img cubeb.gif
2001.12.12 19:11 B D:\ozsite\img\da.gif --> ftp.ozemail.com.au /client/usr285/llan/public_html/img da.gif
2001.12.12 19:11 B D:\ozsite\img\dcd.gif --> ftp.ozemail.com.au /client/usr285/llan/public_html/img dcd.gif
2001.12.12 19:11 B D:\ozsite\img\det.gif --> ftp.ozemail.com.au /client/usr285/llan/public_html/img det.gif
2001.12.12 19:11 B D:\ozsite\img\dhcubec.gif --> ftp.ozemail.com.au /client/usr285/llan/public_html/img dhcubec.gif
2001.12.12 19:11 B D:\ozsite\img\dhdc.gif --> ftp.ozemail.com.au /client/usr285/llan/public_html/img dhdc.gif
2001.12.12 19:11 B D:\ozsite\img\dprism.gif --> ftp.ozemail.com.au /client/usr285/llan/public_html/img dprism.gif
2001.12.12 19:11 B D:\ozsite\img\dt4.gif --> ftp.ozemail.com.au /client/usr285/llan/public_html/img dt4.gif
2001.12.12 19:11 B D:\ozsite\img\dt5.gif --> ftp.ozemail.com.au /client/usr285/llan/public_html/img dt5.gif
2001.12.12 19:11 B D:\ozsite\img\dutcc.gif --> ftp.ozemail.com.au /client/usr285/llan/public_html/img dutcc.gif
2001.12.12 19:11 B D:\ozsite\img\dutrcubc.gif --> ftp.ozemail.com.au /client/usr285/llan/public_html/img dutrcubc.gif
2001.12.12 19:12 B D:\ozsite\img\dxicosc.gif --> ftp.ozemail.com.au /client/usr285/llan/public_html/img dxicosc.gif
2001.12.12 19:12 B D:\ozsite\img\et.gif --> ftp.ozemail.com.au /client/usr285/llan/public_html/img et.gif
2001.12.12 19:12 B D:\ozsite\img\fractet.gif --> ftp.ozemail.com.au /client/usr285/llan/public_html/img fractet.gif
2001.12.12 19:12 B D:\ozsite\img\giflogo.gif --> ftp.ozemail.com.au /client/usr285/llan/public_html/img giflogo.gif
2001.12.12 19:12 B D:\ozsite\img\hdodc.gif --> ftp.ozemail.com.au /client/usr285/llan/public_html/img hdodc.gif
2001.12.12 19:12 B D:\ozsite\img\icos3.gif --> ftp.ozemail.com.au /client/usr285/llan/public_html/img icos3.gif
2001.12.12 19:12 B D:\ozsite\img\julia1.gif --> ftp.ozemail.com.au /client/usr285/llan/public_html/img julia1.gif
2001.12.12 19:12 B D:\ozsite\img\julia2.gif --> ftp.ozemail.com.au /client/usr285/llan/public_html/img julia2.gif
2001.12.12 19:12 B D:\ozsite\img\man5.gif --> ftp.ozemail.com.au /client/usr285/llan/public_html/img man5.gif
2001.12.12 19:12 B D:\ozsite\img\maxlink.gif --> ftp.ozemail.com.au /client/usr285/llan/public_html/img maxlink.gif
2001.12.12 19:12 B D:\ozsite\img\mc.gif --> ftp.ozemail.com.au /client/usr285/llan/public_html/img mc.gif
2001.12.12 19:12 B D:\ozsite\img\mua.gif --> ftp.ozemail.com.au /client/usr285/llan/public_html/img mua.gif
2001.12.12 19:13 B D:\ozsite\img\pappus.gif --> ftp.ozemail.com.au /client/usr285/llan/public_html/img pappus.gif
2001.12.12 19:13 B D:\ozsite\img\pm.gif --> ftp.ozemail.com.au /client/usr285/llan/public_html/img pm.gif
2001.12.12 19:13 B D:\ozsite\img\prysm.gif --> ftp.ozemail.com.au /client/usr285/llan/public_html/img prysm.gif
2001.12.12 19:13 B D:\ozsite\img\pyr.gif --> ftp.ozemail.com.au /client/usr285/llan/public_html/img pyr.gif
2001.12.12 19:13 B D:\ozsite\img\rhom.gif --> ftp.ozemail.com.au /client/usr285/llan/public_html/img rhom.gif
2001.12.12 19:13 B D:\ozsite\img\stellations.gif --> ftp.ozemail.com.au /client/usr285/llan/public_html/img stellations.gif
2001.12.12 19:13 B D:\ozsite\img\t4.gif --> ftp.ozemail.com.au /client/usr285/llan/public_html/img t4.gif
2001.12.12 19:13 B D:\ozsite\img\t5.gif --> ftp.ozemail.com.au /client/usr285/llan/public_html/img t5.gif
2001.12.12 19:13 B D:\ozsite\img\tet.gif --> ftp.ozemail.com.au /client/usr285/llan/public_html/img tet.gif
2001.12.12 19:13 B D:\ozsite\img\trans.gif --> ftp.ozemail.com.au /client/usr285/llan/public_html/img trans.gif
2001.12.12 19:13 B D:\ozsite\img\trcubec.gif --> ftp.ozemail.com.au /client/usr285/llan/public_html/img trcubec.gif
2001.12.12 19:13 B D:\ozsite\img\tric.gif --> ftp.ozemail.com.au /client/usr285/llan/public_html/img tric.gif
2001.12.12 19:13 B D:\ozsite\img\trtetc.gif --> ftp.ozemail.com.au /client/usr285/llan/public_html/img trtetc.gif
